<?xml version="1.0" encoding="UTF-8"?>
<testsuite name="tests" tests="1" skipped="0" failures="0" errors="0" timestamp="2015-08-12T20:25:19" hostname="epicodus-115.local" time="0.001">
  <properties/>
  <testcase name="checkWinner_rockBeatsScissors_playerOne" classname="tests" time="0.001"/>
  <system-out><![CDATA[]]></system-out>
  <system-err><![CDATA[]]></system-err>
</testsuite>
